Using pre-set license
Built from '2022.3/staging' branch; Version is '2022.3.3f1 (7cdc2969a641) revision 8182825'; Using compiler version '192829333'; Build Type 'Release'
OS: 'Windows 11  (10.0.22621) 64bit Professional' Language: 'en' Physical Memory: 16297 MB
BatchMode: 1, IsHumanControllingUs: 0, StartBugReporterOnCrash: 0, Is64bit: 1, IsPro: 1

COMMAND LINE ARGUMENTS:
C:\Program Files\Unity\Hub\Editor\2022.3.3f1\Editor\Unity.exe
-adb2
-batchMode
-noUpm
-name
AssetImportWorker2
-projectPath
D:/Game
-logFile
Logs/AssetImportWorker2.log
-srvPort
56665
Successfully changed project path to: D:/Game
D:/Game
[UnityMemory] Configuration Parameters - Can be set up in boot.config
    "memorysetup-bucket-allocator-granularity=16"
    "memorysetup-bucket-allocator-bucket-count=8"
    "memorysetup-bucket-allocator-block-size=33554432"
    "memorysetup-bucket-allocator-block-count=8"
    "memorysetup-main-allocator-block-size=16777216"
    "memorysetup-thread-allocator-block-size=16777216"
    "memorysetup-gfx-main-allocator-block-size=16777216"
    "memorysetup-gfx-thread-allocator-block-size=16777216"
    "memorysetup-cache-allocator-block-size=4194304"
    "memorysetup-typetree-allocator-block-size=2097152"
    "memorysetup-profiler-bucket-allocator-granularity=16"
    "memorysetup-profiler-bucket-allocator-bucket-count=8"
    "memorysetup-profiler-bucket-allocator-block-size=33554432"
    "memorysetup-profiler-bucket-allocator-block-count=8"
    "memorysetup-profiler-allocator-block-size=16777216"
    "memorysetup-profiler-editor-allocator-block-size=1048576"
    "memorysetup-temp-allocator-size-main=16777216"
    "memorysetup-job-temp-allocator-block-size=2097152"
    "memorysetup-job-temp-allocator-block-size-background=1048576"
    "memorysetup-job-temp-allocator-reduction-small-platforms=262144"
    "memorysetup-allocator-temp-initial-block-size-main=262144"
    "memorysetup-allocator-temp-initial-block-size-worker=262144"
    "memorysetup-temp-allocator-size-background-worker=32768"
    "memorysetup-temp-allocator-size-job-worker=262144"
    "memorysetup-temp-allocator-size-preload-manager=33554432"
    "memorysetup-temp-allocator-size-nav-mesh-worker=65536"
    "memorysetup-temp-allocator-size-audio-worker=65536"
    "memorysetup-temp-allocator-size-cloud-worker=32768"
    "memorysetup-temp-allocator-size-gi-baking-worker=262144"
    "memorysetup-temp-allocator-size-gfx=262144"
Player connection [19140] Host "[IP] 192.168.1.22 [Port] 0 [Flags] 2 [Guid] 2186605521 [EditorId] 2186605521 [Version] 1048832 [Id] WindowsEditor(7,CPSTASH) [Debug] 1 [PackageName] WindowsEditor [ProjectName] Editor" joined multi-casting on [225.0.0.222:54997]...

Player connection [19140] Host "[IP] 192.168.1.22 [Port] 0 [Flags] 2 [Guid] 2186605521 [EditorId] 2186605521 [Version] 1048832 [Id] WindowsEditor(7,CPSTASH) [Debug] 1 [PackageName] WindowsEditor [ProjectName] Editor" joined alternative multi-casting on [225.0.0.222:34997]...

Refreshing native plugins compatible for Editor in 13.70 ms, found 3 plugins.
Preloading 0 native plugins for Editor in 0.00 ms.
Initialize engine version: 2022.3.3f1 (7cdc2969a641)
[Subsystems] Discovering subsystems at path C:/Program Files/Unity/Hub/Editor/2022.3.3f1/Editor/Data/Resources/UnitySubsystems
[Subsystems] Discovering subsystems at path D:/Game/Assets
GfxDevice: creating device client; threaded=0; jobified=0
d3d12: loaded!
Direct3D:
    Version:         Direct3D 12 [level 12.0]
    Renderer:        Radeon RX 580 Series (ID=0x67df)
    Vendor:          ATI
    VRAM:            8170 MB
    App VRAM Budget: 7402 MB
    Driver:          31.0.12027.9001
d3d12: Profiler is enabled, but stable power state is not. GPU timing errors are expected.
Shader Hidden/ProbeVolume/VoxelizeScene is not supported: GPU does not support conservative rasterization
Initialize mono
Mono path[0] = 'C:/Program Files/Unity/Hub/Editor/2022.3.3f1/Editor/Data/Managed'
Mono path[1] = 'C:/Program Files/Unity/Hub/Editor/2022.3.3f1/Editor/Data/MonoBleedingEdge/lib/mono/unityjit-win32'
Mono config path = 'C:/Program Files/Unity/Hub/Editor/2022.3.3f1/Editor/Data/MonoBleedingEdge/etc'
Using monoOptions --debugger-agent=transport=dt_socket,embedding=1,server=y,suspend=n,address=127.0.0.1:56612
Begin MonoManager ReloadAssembly
Registering precompiled unity dll's ...
Register platform support module: C:/Program Files/Unity/Hub/Editor/2022.3.3f1/Editor/Data/PlaybackEngines/WindowsStandaloneSupport/UnityEditor.WindowsStandalone.Extensions.dll
Registered in 0.010370 seconds.
- Loaded All Assemblies, in  0.431 seconds
Native extension for WindowsStandalone target not found
Mono: successfully reloaded assembly
- Finished resetting the current domain, in  0.339 seconds
Domain Reload Profiling: 767ms
	BeginReloadAssembly (121ms)
		ExecutionOrderSort (0ms)
		DisableScriptedObjects (0ms)
		BackupInstance (0ms)
		ReleaseScriptingObjects (0ms)
		CreateAndSetChildDomain (1ms)
	RebuildCommonClasses (43ms)
	RebuildNativeTypeToScriptingClass (13ms)
	initialDomainReloadingComplete (76ms)
	LoadAllAssembliesAndSetupDomain (175ms)
		LoadAssemblies (117ms)
		RebuildTransferFunctionScriptingTraits (0ms)
		AnalyzeDomain (166ms)
			TypeCache.Refresh (165ms)
				TypeCache.ScanAssembly (152ms)
			ScanForSourceGeneratedMonoScriptInfo (0ms)
			ResolveRequiredComponents (1ms)
	FinalizeReload (339ms)
		ReleaseScriptCaches (0ms)
		RebuildScriptCaches (0ms)
		SetupLoadedEditorAssemblies (268ms)
			LogAssemblyErrors (0ms)
			InitializePlatformSupportModulesInManaged (12ms)
			SetLoadedEditorAssemblies (9ms)
			RefreshPlugins (0ms)
			BeforeProcessingInitializeOnLoad (2ms)
			ProcessInitializeOnLoadAttributes (181ms)
			ProcessInitializeOnLoadMethodAttributes (64ms)
			AfterProcessingInitializeOnLoad (0ms)
			EditorAssembliesLoaded (0ms)
		ExecutionOrderSort2 (0ms)
		AwakeInstancesAfterBackupRestoration (0ms)
========================================================================
Worker process is ready to serve import requests
Begin MonoManager ReloadAssembly
Symbol file LoadedFromMemory doesn't match image D:\Game\Library\PackageCache\com.unity.visualscripting@1.8.0\Editor\VisualScripting.Core\Dependencies\YamlDotNet\Unity.VisualScripting.YamlDotNet.dll
Symbol file LoadedFromMemory doesn't match image D:\Game\Library\PackageCache\com.unity.visualscripting@1.8.0\Editor\VisualScripting.Core\Dependencies\DotNetZip\Unity.VisualScripting.IonicZip.dll
- Loaded All Assemblies, in  1.180 seconds
Refreshing native plugins compatible for Editor in 4.12 ms, found 3 plugins.
Native extension for WindowsStandalone target not found
d3d12: upload buffer was full! Waited for COPY queue for 1.633 ms.
Mono: successfully reloaded assembly
- Finished resetting the current domain, in  1.219 seconds
Domain Reload Profiling: 2395ms
	BeginReloadAssembly (190ms)
		ExecutionOrderSort (0ms)
		DisableScriptedObjects (8ms)
		BackupInstance (0ms)
		ReleaseScriptingObjects (0ms)
		CreateAndSetChildDomain (28ms)
	RebuildCommonClasses (53ms)
	RebuildNativeTypeToScriptingClass (13ms)
	initialDomainReloadingComplete (66ms)
	LoadAllAssembliesAndSetupDomain (854ms)
		LoadAssemblies (427ms)
		RebuildTransferFunctionScriptingTraits (0ms)
		AnalyzeDomain (517ms)
			TypeCache.Refresh (466ms)
				TypeCache.ScanAssembly (451ms)
			ScanForSourceGeneratedMonoScriptInfo (38ms)
			ResolveRequiredComponents (13ms)
	FinalizeReload (1219ms)
		ReleaseScriptCaches (0ms)
		RebuildScriptCaches (0ms)
		SetupLoadedEditorAssemblies (983ms)
			LogAssemblyErrors (0ms)
			InitializePlatformSupportModulesInManaged (9ms)
			SetLoadedEditorAssemblies (6ms)
			RefreshPlugins (0ms)
			BeforeProcessingInitializeOnLoad (113ms)
			ProcessInitializeOnLoadAttributes (511ms)
			ProcessInitializeOnLoadMethodAttributes (331ms)
			AfterProcessingInitializeOnLoad (13ms)
			EditorAssembliesLoaded (0ms)
		ExecutionOrderSort2 (0ms)
		AwakeInstancesAfterBackupRestoration (10ms)
Shader Hidden/ProbeVolume/VoxelizeScene is not supported: GPU does not support conservative rasterization
Launched and connected shader compiler UnityShaderCompiler.exe after 0.07 seconds
Refreshing native plugins compatible for Editor in 3.45 ms, found 3 plugins.
Preloading 0 native plugins for Editor in 0.00 ms.
Unloading 6887 Unused Serialized files (Serialized files now loaded: 0)
Unloading 118 unused Assets / (3.6 MB). Loaded Objects now: 7348.
Memory consumption went from 316.2 MB to 312.5 MB.
Total: 6.115000 ms (FindLiveObjects: 0.646200 ms CreateObjectMapping: 0.222400 ms MarkObjects: 4.238100 ms  DeleteObjects: 1.006900 ms)

AssetImportParameters requested are different than current active one (requested -> active):
  custom:container-demuxer-ogg: 62fdf1f143b41e24485cea50d1cbac27 -> 
  custom:framework-win-MediaFoundation: 216162199b28c13a410421893ffa2e32 -> 
  custom:container-muxer-webm: aa71ff27fc2769a1b78a27578f13a17b -> 
  custom:video-decoder-webm-vp8: 9c59270c3fd7afecdb556c50c9e8de78 -> 
  custom:AudioImporter_EditorPlatform: d09bf68614088b80899f8185d706f6e7 -> 
  custom:audio-decoder-ogg-vorbis: bf7c407c2cedff20999df2af8eb42d56 -> 
  custom:audio-encoder-webm-vorbis: bf7c407c2cedff20999df2af8eb42d56 -> 
  custom:video-decoder-ogg-theora: a1e56fd34408186e4bbccfd4996cb3dc -> 
  custom:container-demuxer-webm: 4f35f7cbe854078d1ac9338744f61a02 -> 
  custom:video-encoder-webm-vp8: eb34c28f22e8b96e1ab97ce403110664 -> 
========================================================================
Received Import Request.
  Time since last request: 1022733.981904 seconds.
  path: Assets/Lighting
  artifactKey: Guid(ae5bdc570ef9c8a4db65b7461c35eb36) Importer(815301076,1909f56bfc062723c751e8b465ee728b)
Start importing Assets/Lighting using Guid(ae5bdc570ef9c8a4db65b7461c35eb36) Importer(815301076,1909f56bfc062723c751e8b465ee728b)  -> (artifact id: '9ab911f2e1c28ebd4909688633b74f33') in 0.003050 seconds
Number of updated asset objects reloaded before import = 0
Number of asset objects unloaded after import = 0
========================================================================
Received Import Request.
  Time since last request: 2.892835 seconds.
  path: Assets/VolumeGlobal.asset
  artifactKey: Guid(c260a52b2f93f374393498e0df216938) Importer(815301076,1909f56bfc062723c751e8b465ee728b)
Start importing Assets/VolumeGlobal.asset using Guid(c260a52b2f93f374393498e0df216938) Importer(815301076,1909f56bfc062723c751e8b465ee728b)  -> (artifact id: '24f983b17c2b5412b808e075ddfee438') in 0.001971 seconds
Number of updated asset objects reloaded before import = 8
Number of asset objects unloaded after import = 0
========================================================================
Received Import Request.
  Time since last request: 5.488503 seconds.
  path: Assets/LightingSettings3High.lighting
  artifactKey: Guid(360f30bb6570d9541bcf70cc52813d17) Importer(815301076,1909f56bfc062723c751e8b465ee728b)
Start importing Assets/LightingSettings3High.lighting using Guid(360f30bb6570d9541bcf70cc52813d17) Importer(815301076,1909f56bfc062723c751e8b465ee728b) LightingSettings: switching bake backend from 1 to 2.
 -> (artifact id: '06244b3583cb7af4dc118920c806852f') in 0.001152 seconds
Number of updated asset objects reloaded before import = 0
Number of asset objects unloaded after import = 1
========================================================================
Received Import Request.
  Time since last request: 975.009474 seconds.
  path: Assets/Cookie.png
  artifactKey: Guid(933fac709580fcf40b1973e1a9bd1d66) Importer(815301076,1909f56bfc062723c751e8b465ee728b)
Start importing Assets/Cookie.png using Guid(933fac709580fcf40b1973e1a9bd1d66) Importer(815301076,1909f56bfc062723c751e8b465ee728b)  -> (artifact id: '24725f6131d09885d4480658ffd40552') in 0.001969 seconds
Number of updated asset objects reloaded before import = 0
Number of asset objects unloaded after import = 1
========================================================================
Received Import Request.
  Time since last request: 35.761636 seconds.
  path: Assets/House/Lightmap-0_comp_dir.png
  artifactKey: Guid(e34b9bb448325254fa3846dc4390acd8) Importer(815301076,1909f56bfc062723c751e8b465ee728b)
Start importing Assets/House/Lightmap-0_comp_dir.png using Guid(e34b9bb448325254fa3846dc4390acd8) Importer(815301076,1909f56bfc062723c751e8b465ee728b)  -> (artifact id: '77ee98082084c32cde4ef87a585c11ca') in 0.016595 seconds
Number of updated asset objects reloaded before import = 0
Number of asset objects unloaded after import = 1
========================================================================
Received Import Request.
  Time since last request: 0.000050 seconds.
  path: Assets/House/Lightmap-1_comp_dir.png
  artifactKey: Guid(7db56a4dc7263e647bbd3a9601ee5843) Importer(815301076,1909f56bfc062723c751e8b465ee728b)
Start importing Assets/House/Lightmap-1_comp_dir.png using Guid(7db56a4dc7263e647bbd3a9601ee5843) Importer(815301076,1909f56bfc062723c751e8b465ee728b)  -> (artifact id: 'f2999d040ae98469bf54fcbf141e601f') in 0.006755 seconds
Number of updated asset objects reloaded before import = 0
Number of asset objects unloaded after import = 1
========================================================================
Received Import Request.
  Time since last request: 0.000031 seconds.
  path: Assets/House/Lightmap-1_comp_light.exr
  artifactKey: Guid(c3ef75b3b1cda404c95e1b3ab08142db) Importer(815301076,1909f56bfc062723c751e8b465ee728b)
Start importing Assets/House/Lightmap-1_comp_light.exr using Guid(c3ef75b3b1cda404c95e1b3ab08142db) Importer(815301076,1909f56bfc062723c751e8b465ee728b)  -> (artifact id: '822b9a588a26d3a594529a15dd4614b1') in 0.005689 seconds
Number of updated asset objects reloaded before import = 0
Number of asset objects unloaded after import = 1
========================================================================
Received Import Request.
  Time since last request: 27.992078 seconds.
  path: Assets/Cookie.png
  artifactKey: Guid(933fac709580fcf40b1973e1a9bd1d66) Importer(815301076,1909f56bfc062723c751e8b465ee728b)
Start importing Assets/Cookie.png using Guid(933fac709580fcf40b1973e1a9bd1d66) Importer(815301076,1909f56bfc062723c751e8b465ee728b)  -> (artifact id: '1325cc8b90aae9b837e106918d795b29') in 0.004661 seconds
Number of updated asset objects reloaded before import = 0
Number of asset objects unloaded after import = 1
========================================================================
Received Import Request.
  Time since last request: 15.656380 seconds.
  path: Assets/Cookie.png
  artifactKey: Guid(933fac709580fcf40b1973e1a9bd1d66) Importer(815301076,1909f56bfc062723c751e8b465ee728b)
Start importing Assets/Cookie.png using Guid(933fac709580fcf40b1973e1a9bd1d66) Importer(815301076,1909f56bfc062723c751e8b465ee728b)  -> (artifact id: '247469472ee7ac479498e9fc31787e4c') in 0.001817 seconds
Number of updated asset objects reloaded before import = 0
Number of asset objects unloaded after import = 1
========================================================================
Received Import Request.
  Time since last request: 67.391479 seconds.
  path: Assets/Cookie.png
  artifactKey: Guid(933fac709580fcf40b1973e1a9bd1d66) Importer(815301076,1909f56bfc062723c751e8b465ee728b)
Start importing Assets/Cookie.png using Guid(933fac709580fcf40b1973e1a9bd1d66) Importer(815301076,1909f56bfc062723c751e8b465ee728b)  -> (artifact id: '610e7c129167b41b303d04cedb8c7e6b') in 0.002602 seconds
Number of updated asset objects reloaded before import = 0
Number of asset objects unloaded after import = 1
========================================================================
Received Import Request.
  Time since last request: 3.524290 seconds.
  path: Assets/Cookie.png
  artifactKey: Guid(933fac709580fcf40b1973e1a9bd1d66) Importer(815301076,1909f56bfc062723c751e8b465ee728b)
Start importing Assets/Cookie.png using Guid(933fac709580fcf40b1973e1a9bd1d66) Importer(815301076,1909f56bfc062723c751e8b465ee728b)  -> (artifact id: 'c8be7e8ce8cceeabbcd350adbe7ad750') in 0.002377 seconds
Number of updated asset objects reloaded before import = 0
Number of asset objects unloaded after import = 1
========================================================================
Received Import Request.
  Time since last request: 51.122570 seconds.
  path: Assets/New Material.mat
  artifactKey: Guid(5cb284e1552277a4b8815ef7be4dd88b) Importer(815301076,1909f56bfc062723c751e8b465ee728b)
Start importing Assets/New Material.mat using Guid(5cb284e1552277a4b8815ef7be4dd88b) Importer(815301076,1909f56bfc062723c751e8b465ee728b)  -> (artifact id: '9fdd84799fa37c879965b5fc6ff0297c') in 0.003524 seconds
Number of updated asset objects reloaded before import = 0
Number of asset objects unloaded after import = 1
